13:24:59.337 T:140370037609216  NOTICE: special://profile/ is mapped to: special://masterprofile/
13:24:59.337 T:140370037609216  NOTICE: -----------------------------------------------------------------------
13:24:59.337 T:140370037609216  NOTICE: Starting Kodi from Debian (17.6 Debian package version: 2:17.6+dfsg1-4+b1). Platform: Linux x86 64-bit
13:24:59.337 T:140370037609216  NOTICE: Using Release Kodi from Debian x64 build
13:24:59.337 T:140370037609216  NOTICE: Kodi from Debian compiled from 2:17.6+dfsg1-4+b1 by GCC 8.2.0 for Linux x86 64-bit version 4.19.16 (267024)
13:24:59.337 T:140370037609216  NOTICE: Running on Debian GNU/Linux 10 (buster), kernel: Linux x86 64-bit version 4.19.0-9-amd64
13:24:59.338 T:140370037609216  NOTICE: FFmpeg version/source: 4.1.6-1~deb10u1
13:24:59.338 T:140370037609216  NOTICE: Host CPU: Intel(R) Xeon(R) Bronze 3104 CPU @ 1.70GHz, 1 core available
13:24:59.338 T:140370037609216  NOTICE: special://xbmc/ is mapped to: /usr/share/kodi
13:24:59.338 T:140370037609216  NOTICE: special://xbmcbin/ is mapped to: /usr/lib/x86_64-linux-gnu/kodi
13:24:59.338 T:140370037609216  NOTICE: special://xbmcbinaddons/ is mapped to: /usr/lib/x86_64-linux-gnu/kodi/addons
13:24:59.338 T:140370037609216  NOTICE: special://masterprofile/ is mapped to: /root/.kodi/userdata
13:24:59.338 T:140370037609216  NOTICE: special://envhome/ is mapped to: /root
13:24:59.338 T:140370037609216  NOTICE: special://home/ is mapped to: /root/.kodi
13:24:59.338 T:140370037609216  NOTICE: special://temp/ is mapped to: /root/.kodi/temp
13:24:59.338 T:140370037609216  NOTICE: special://logpath/ is mapped to: /root/.kodi/temp
13:24:59.338 T:140370037609216  NOTICE: The executable running is: /usr/lib/x86_64-linux-gnu/kodi/kodi.bin
13:24:59.338 T:140370037609216  NOTICE: Local hostname: wrightway
13:24:59.338 T:140370037609216  NOTICE: Log File is located: /root/.kodi/temp//kodi.log
13:24:59.338 T:140370037609216  NOTICE: -----------------------------------------------------------------------
13:24:59.346 T:140370037609216   ERROR: DBus: Error org.freedesktop.DBus.Error.ServiceUnknown - The name org.freedesktop.UPower was not provided by any .service files
13:24:59.362 T:140370037609216  NOTICE: load settings...
13:24:59.385 T:140370037609216   ERROR: PulseAudio: Failed to connect context
13:24:59.385 T:140370037609216  NOTICE: PulseAudio might not be running. Context was not created.
13:24:59.395 T:140370037609216  NOTICE: No Devices found - retry: 4
13:25:00.897 T:140370037609216   ERROR: PulseAudio: Failed to connect context
13:25:00.897 T:140370037609216  NOTICE: PulseAudio might not be running. Context was not created.
13:25:00.901 T:140370037609216  NOTICE: No Devices found - retry: 3
13:25:02.402 T:140370037609216   ERROR: PulseAudio: Failed to connect context
13:25:02.403 T:140370037609216  NOTICE: PulseAudio might not be running. Context was not created.
13:25:02.408 T:140370037609216  NOTICE: No Devices found - retry: 2
13:25:03.909 T:140370037609216   ERROR: PulseAudio: Failed to connect context
13:25:03.909 T:140370037609216  NOTICE: PulseAudio might not be running. Context was not created.
13:25:03.913 T:140370037609216  NOTICE: No Devices found - retry: 1
13:25:05.415 T:140370037609216   ERROR: PulseAudio: Failed to connect context
13:25:05.415 T:140370037609216  NOTICE: PulseAudio might not be running. Context was not created.
13:25:05.419 T:140370037609216  NOTICE: Found 0 Lists of Devices
13:25:05.420 T:140370037609216   ERROR: PulseAudio: Failed to connect context
13:25:05.420 T:140370037609216  NOTICE: PulseAudio might not be running. Context was not created.
13:25:05.424 T:140370037609216  NOTICE: No Devices found - retry: 4
13:25:06.925 T:140370037609216   ERROR: PulseAudio: Failed to connect context
13:25:06.925 T:140370037609216  NOTICE: PulseAudio might not be running. Context was not created.
13:25:06.930 T:140370037609216  NOTICE: No Devices found - retry: 3
13:25:08.431 T:140370037609216   ERROR: PulseAudio: Failed to connect context
13:25:08.431 T:140370037609216  NOTICE: PulseAudio might not be running. Context was not created.
13:25:08.435 T:140370037609216  NOTICE: No Devices found - retry: 2
13:25:09.937 T:140370037609216   ERROR: PulseAudio: Failed to connect context
13:25:09.937 T:140370037609216  NOTICE: PulseAudio might not be running. Context was not created.
13:25:09.941 T:140370037609216  NOTICE: No Devices found - retry: 1
13:25:11.442 T:140370037609216   ERROR: PulseAudio: Failed to connect context
13:25:11.442 T:140370037609216  NOTICE: PulseAudio might not be running. Context was not created.
13:25:11.447 T:140370037609216  NOTICE: Found 0 Lists of Devices
13:25:11.450 T:140370037609216  NOTICE: No settings file to load (special://xbmc/system/advancedsettings.xml)
13:25:11.450 T:140370037609216  NOTICE: No settings file to load (special://masterprofile/advancedsettings.xml)
13:25:11.450 T:140370037609216  NOTICE: Default Video Player: VideoPlayer
13:25:11.450 T:140370037609216  NOTICE: Default Audio Player: paplayer
13:25:11.450 T:140370037609216  NOTICE: Disabled debug logging due to GUI setting. Level 0.
13:25:11.450 T:140370037609216  NOTICE: Log level changed to "LOG_LEVEL_NORMAL"
13:25:11.450 T:140370037609216  NOTICE: CMediaSourceSettings: loading media sources from special://masterprofile/sources.xml
13:25:11.451 T:140370037609216  NOTICE: Loading player core factory settings from special://xbmc/system/playercorefactory.xml.
13:25:11.451 T:140370037609216  NOTICE: Loaded playercorefactory configuration
13:25:11.452 T:140370037609216  NOTICE: Loading player core factory settings from special://masterprofile/playercorefactory.xml.
13:25:11.452 T:140370037609216  NOTICE: special://masterprofile/playercorefactory.xml does not exist. Skipping.
13:25:11.463 T:140370037609216  NOTICE: Running database version Addons27
13:25:11.526 T:140370037609216  NOTICE: ADDONS: Using repository repository.xbmc.org
13:25:11.529 T:140370012313344   ERROR: PulseAudio: Failed to connect context
13:25:11.529 T:140370012313344  NOTICE: PulseAudio might not be running. Context was not created.
13:25:11.533 T:140370012313344  NOTICE: No Devices found - retry: 4
13:25:13.034 T:140370012313344   ERROR: PulseAudio: Failed to connect context
13:25:13.034 T:140370012313344  NOTICE: PulseAudio might not be running. Context was not created.
13:25:13.039 T:140370012313344  NOTICE: No Devices found - retry: 3
13:25:14.540 T:140370012313344   ERROR: PulseAudio: Failed to connect context
13:25:14.540 T:140370012313344  NOTICE: PulseAudio might not be running. Context was not created.
13:25:14.545 T:140370012313344  NOTICE: No Devices found - retry: 2
13:25:16.046 T:140370012313344   ERROR: PulseAudio: Failed to connect context
13:25:16.046 T:140370012313344  NOTICE: PulseAudio might not be running. Context was not created.
13:25:16.051 T:140370012313344  NOTICE: No Devices found - retry: 1
13:25:17.552 T:140370012313344   ERROR: PulseAudio: Failed to connect context
13:25:17.552 T:140370012313344  NOTICE: PulseAudio might not be running. Context was not created.
13:25:17.557 T:140370012313344  NOTICE: Found 0 Lists of Devices
13:25:17.559 T:140370012313344 WARNING: ActiveAE::Configure - sink returned large buffer of 249 ms, reducing to 100 ms
13:25:17.664 T:140370037609216  NOTICE: Checking resolution 15
13:25:18.030 T:140370037609216   ERROR: Failed to determine egl config for visual info
13:25:18.030 T:140370037609216 WARNING: Visual 0x295 of the window is not suitable, looking for another one...
13:25:18.030 T:140370037609216  NOTICE: Using visual 0x21
13:25:18.066 T:140370037609216  NOTICE: Using visual 0x295
13:25:18.079 T:140370037609216  NOTICE: GL_VENDOR = VMware, Inc.
13:25:18.079 T:140370037609216  NOTICE: GL_RENDERER = llvmpipe (LLVM 7.0, 256 bits)
13:25:18.079 T:140370037609216  NOTICE: GL_VERSION = 3.1 Mesa 18.3.6
13:25:18.079 T:140370037609216  NOTICE: GL_SHADING_LANGUAGE_VERSION = 1.40
13:25:18.079 T:140370037609216  NOTICE: GL_EXTENSIONS = GL_ARB_multisample GL_EXT_abgr GL_EXT_bgra GL_EXT_blend_color GL_EXT_blend_minmax GL_EXT_blend_subtract GL_EXT_copy_texture GL_EXT_subtexture GL_EXT_texture_object GL_EXT_vertex_array GL_EXT_compiled_vertex_array GL_EXT_texture GL_EXT_texture3D GL_IBM_rasterpos_clip GL_ARB_point_parameters GL_EXT_draw_range_elements GL_EXT_packed_pixels GL_EXT_point_parameters GL_EXT_rescale_normal GL_EXT_separate_specular_color GL_EXT_texture_edge_clamp GL_SGIS_generate_mipmap GL_SGIS_texture_border_clamp GL_SGIS_texture_edge_clamp GL_SGIS_texture_lod GL_ARB_framebuffer_sRGB GL_ARB_multitexture GL_EXT_framebuffer_sRGB GL_IBM_multimode_draw_arrays GL_IBM_texture_mirrored_repeat GL_ARB_texture_cube_map GL_ARB_texture_env_add GL_ARB_transpose_matrix GL_EXT_blend_func_separate GL_EXT_fog_coord GL_EXT_multi_draw_arrays GL_EXT_secondary_color GL_EXT_texture_env_add GL_EXT_texture_lod_bias GL_INGR_blend_func_separate GL_NV_blend_square GL_NV_light_max_exponent GL_NV_texgen_reflection GL_NV_texture_env_combine4 GL_S3_s3tc GL_SUN_multi_draw_arrays GL_ARB_texture_border_clamp GL_ARB_texture_compression GL_EXT_framebuffer_object GL_EXT_texture_compression_s3tc GL_EXT_texture_env_combine GL_EXT_texture_env_dot3 GL_MESA_window_pos GL_NV_packed_depth_stencil GL_NV_texture_rectangle GL_ARB_depth_texture GL_ARB_occlusion_query GL_ARB_shadow GL_ARB_texture_env_combine GL_ARB_texture_env_crossbar GL_ARB_texture_env_dot3 GL_ARB_texture_mirrored_repeat GL_ARB_window_pos GL_ATI_fragment_shader GL_EXT_stencil_two_side GL_EXT_texture_cube_map GL_NV_depth_clamp GL_NV_fog_distance GL_APPLE_packed_pixels GL_ARB_draw_buffers GL_ARB_fragment_program GL_ARB_fragment_shader GL_ARB_shader_objects GL_ARB_vertex_program GL_ARB_vertex_shader GL_ATI_draw_buffers GL_ATI_texture_env_combine3 GL_ATI_texture_float GL_EXT_shadow_funcs GL_EXT_stencil_wrap GL_MESA_pack_invert GL_MESA_ycbcr_texture GL_NV_primitive_restart GL_ARB_depth_clamp GL_ARB_fragment_program_shadow GL_ARB_half_float_pixel GL_ARB_occlusion_query2 GL_ARB_point_sprite GL_ARB_shading_language_100 GL_ARB_sync GL_ARB_texture_non_power_of_two GL_ARB_vertex_buffer_object GL_ATI_blend_equation_separate GL_EXT_blend_equation_separate GL_OES_read_format GL_ARB_color_buffer_float GL_ARB_pixel_buffer_object GL_ARB_texture_compression_rgtc GL_ARB_texture_float GL_ARB_texture_rectangle GL_ATI_texture_compression_3dc GL_EXT_packed_float GL_EXT_pixel_buffer_object GL_EXT_texture_compression_dxt1 GL_EXT_texture_compression_rgtc GL_EXT_texture_mirror_clamp GL_EXT_texture_rectangle GL_EXT_texture_sRGB GL_EXT_texture_shared_exponent GL_ARB_framebuffer_object GL_EXT_framebuffer_blit GL_EXT_framebuffer_multisample GL_EXT_packed_depth_stencil GL_ARB_vertex_array_object GL_ATI_separate_stencil GL_ATI_texture_mirror_once GL_EXT_draw_buffers2 GL_EXT_draw_instanced GL_EXT_gpu_program_parameters GL_EXT_texture_array GL_EXT_texture_compression_latc GL_EXT_texture_integer GL_EXT_texture_sRGB_decode GL_EXT_timer_query GL_OES_EGL_image GL_ARB_copy_buffer GL_ARB_depth_buffer_float GL_ARB_draw_instanced GL_ARB_half_float_vertex GL_ARB_instanced_arrays GL_ARB_map_buffer_range GL_ARB_texture_buffer_object GL_ARB_texture_rg GL_ARB_texture_swizzle GL_ARB_vertex_array_bgra GL_EXT_texture_swizzle GL_EXT_vertex_array_bgra GL_NV_conditional_render GL_AMD_conservative_depth GL_AMD_draw_buffers_blend GL_AMD_seamless_cubemap_per_texture GL_AMD_shader_stencil_export GL_ARB_ES2_compatibility GL_ARB_blend_func_extended GL_ARB_compatibility GL_ARB_debug_output GL_ARB_draw_buffers_blend GL_ARB_draw_elements_base_vertex GL_ARB_explicit_attrib_location GL_ARB_fragment_coord_conventions GL_ARB_provoking_vertex GL_ARB_sampler_objects GL_ARB_seamless_cube_map GL_ARB_shader_stencil_export GL_ARB_shader_texture_lod GL_ARB_texture_buffer_object_rgb32 GL_ARB_texture_cube_map_array GL_ARB_texture_gather GL_ARB_texture_multisample GL_ARB_texture_query_lod GL_ARB_texture_rgb10_a2ui GL_ARB_uniform_buffer_object GL_ARB_vertex_type_2_10_10_10_rev GL_EXT_provoking_vertex GL_EXT_texture_snorm GL_MESA_texture_signed_rgba GL_ARB_draw_indirect GL_ARB_get_program_binary GL_ARB_robustness GL_ARB_separate_shader_objects GL_ARB_shader_bit_encoding GL_ARB_shader_subroutine GL_ARB_texture_compression_bptc GL_ARB_timer_query GL_ARB_transform_feedback2 GL_ARB_transform_feedback3 GL_ARB_viewport_array GL_AMD_multi_draw_indirect GL_ANGLE_texture_compression_dxt3 GL_ANGLE_texture_compression_dxt5 GL_ARB_base_instance GL_ARB_compressed_texture_pixel_storage GL_ARB_conservative_depth GL_ARB_internalformat_query GL_ARB_map_buffer_alignment GL_ARB_shading_language_420pack GL_ARB_shading_language_packing GL_ARB_texture_storage GL_ARB_transform_feedback_instanced GL_EXT_framebuffer_multisample_blit_scaled GL_EXT_transform_feedback GL_AMD_shader_trinary_minmax GL_ARB_ES3_compatibility GL_ARB_arrays_of_arrays GL_ARB_clear_buffer_object GL_ARB_copy_image GL_ARB_explicit_uniform_location GL_ARB_fragment_layer_viewport GL_ARB_invalidate_subdata GL_ARB_multi_draw_indirect GL_ARB_program_interface_query GL_ARB_stencil_texturing GL_ARB_texture_buffer_range GL_ARB_texture_query_levels GL_ARB_texture_storage_multisample GL_ARB_texture_view GL_ARB_vertex_attrib_binding GL_KHR_debug GL_KHR_texture_compression_astc_ldr GL_ARB_buffer_storage GL_ARB_clear_texture GL_ARB_enhanced_layouts GL_ARB_internalformat_query2 GL_ARB_multi_bind GL_ARB_seamless_cubemap_per_texture GL_ARB_texture_mirror_clamp_to_edge GL_ARB_texture_stencil8 GL_ARB_vertex_type_10f_11f_11f_rev GL_EXT_shader_integer_mix GL_ARB_clip_control GL_ARB_conditional_render_inverted GL_ARB_cull_distance GL_ARB_direct_state_access GL_ARB_get_texture_sub_image GL_ARB_pipeline_statistics_query GL_ARB_transform_feedback_overflow_query GL_EXT_polygon_offset_clamp GL_KHR_context_flush_control GL_KHR_no_error GL_KHR_texture_compression_astc_sliced_3d GL_MESA_shader_integer_functions GL_ARB_polygon_offset_clamp
13:25:18.464 T:140370020706048  NOTICE: Running database version Addons27
13:25:18.466 T:140370020706048  NOTICE: Running database version ViewModes6
13:25:18.467 T:140370020706048  NOTICE: Running database version Textures13
13:25:18.469 T:140370020706048  NOTICE: Running database version MyMusic60
13:25:18.475 T:140370020706048  NOTICE: Running database version MyVideos107
13:25:18.476 T:140370020706048  NOTICE: Running database version TV29
13:25:18.479 T:140370020706048  NOTICE: Running database version Epg11
13:25:18.517 T:140370037609216  NOTICE: start dvd mediatype detection
13:25:18.948 T:140370037609216 WARNING: JSONRPC: Could not parse type "Setting.Details.SettingList"
13:25:19.044 T:140370037609216  NOTICE: initialize done
13:25:19.044 T:140370037609216  NOTICE: Running the application...
13:25:19.049 T:140370037609216  NOTICE: starting zeroconf publishing
13:25:19.050 T:140370037609216  NOTICE: CWebServer[8080]: Started
13:25:19.050 T:140370037609216  NOTICE: starting upnp client
13:25:19.068 T:140368128968448  NOTICE: ES: Starting UDP Event server on port 9777
13:25:19.068 T:140368128968448  NOTICE: UDP: Listening on port 9777 (ipv6 : true)
13:25:19.321 T:140370037609216   ERROR: JSONRPC Server: Failed to connect to sdpd
13:25:19.439 T:140368255383296  NOTICE: script.grab.fanart: Grab Fanart Service Started
13:25:34.253 T:140370037609216   ERROR: Window Translator: Can't find window games
